Rekapitulasi Kasus COVID-19 di Provinsi Riau Per Tanggal: 2020-07-30
Isolasi / Sedang Dirawat: 109
Sembuh: 305
Meninggal: 12
Total: 426
Kasus COVID-19 di Provinsi Riau Per Tanggal 2020-07-30
Pekanbaru
Isolasi Mandiri 4
Isolasi di RS 37
Sembuh 119
Meninggal 6

Dumai
Isolasi Mandiri 3
Isolasi di RS 2
Sembuh 32
Meninggal 0

Bengkalis
Isolasi Mandiri 0
Isolasi di RS 1
Sembuh 19
Meninggal 1

Siak
Isolasi Mandiri 0
Isolasi di RS 29
Sembuh 26
Meninggal 1

Meranti
Isolasi Mandiri 1
Isolasi di RS 0
Sembuh 12
Meninggal 0

Pelalawan
Isolasi Mandiri 0
Isolasi di RS 5
Sembuh 12
Meninggal 0

Indragiri Hilir
Isolasi Mandiri 0
Isolasi di RS 3
Sembuh 48
Meninggal 2

Indragiri Hulu
Isolasi Mandiri 0
Isolasi di RS 0
Sembuh 3
Meninggal 1

Kuantan Singingi
Isolasi Mandiri 0
Isolasi di RS 1
Sembuh 11
Meninggal 0

Kampar
Isolasi Mandiri 0
Isolasi di RS 13
Sembuh 17
Meninggal 1

Rokan Hulu
Isolasi Mandiri 1
Isolasi di RS 5
Sembuh 5
Meninggal 0

Rokan Hilir
Isolasi Mandiri 0
Isolasi di RS 4
Sembuh 1
Meninggal 0

Rekapitulasi Kasus COVID-19 di Provinsi Riau Per Tanggal: 2020-07-31
Isolasi / Sedang Dirawat: 125
Sembuh: 308
Meninggal: 12
Total: 445
Kasus COVID-19 di Provinsi Riau Per Tanggal 2020-07-31
Pekanbaru
Isolasi Mandiri 5
Isolasi di RS 37
Sembuh 119
Meninggal 6

Dumai
Isolasi Mandiri 0
Isolasi di RS 0
Sembuh 35
Meninggal 0

Bengkalis
Isolasi Mandiri 1
Isolasi di RS 1
Sembuh 19
Meninggal 1

Siak
Isolasi Mandiri 0
Isolasi di RS 29
Sembuh 26
Meninggal 1

Meranti
Isolasi Mandiri 1
Isolasi di RS 0
Sembuh 12
Meninggal 0

Pelalawan
Isolasi Mandiri 0
Isolasi di RS 7
Sembuh 12
Meninggal 0

Indragiri Hilir
Isolasi Mandiri 0
Isolasi di RS 3
Sembuh 48
Meninggal 2

Indragiri Hulu
Isolasi Mandiri 0
Isolasi di RS 0
Sembuh 3
Meninggal 1

Kuantan Singingi
Isolasi Mandiri 0
Isolasi di RS 1
Sembuh 11
Meninggal 0

Kampar
Isolasi Mandiri 15
Isolasi di RS 13
Sembuh 17
Meninggal 1

Rokan Hulu
Isolasi Mandiri 1
Isolasi di RS 5
Sembuh 5
Meninggal 0

Rokan Hilir
Isolasi Mandiri 0
Isolasi di RS 6
Sembuh 1
Meninggal 0

Rekapitulasi Kasus COVID-19 di Provinsi Riau Per Tanggal: 2020-08-01
Isolasi / Sedang Dirawat: 107
Sembuh: 327
Meninggal: 12
Total: 446
Kasus COVID-19 di Provinsi Riau Per Tanggal 2020-08-01
Pekanbaru
Isolasi Mandiri 4
Isolasi di RS 32
Sembuh 125
Meninggal 6

Dumai
Isolasi Mandiri 0
Isolasi di RS 0
Sembuh 35
Meninggal 0

Bengkalis
Isolasi Mandiri 1
Isolasi di RS 1
Sembuh 19
Meninggal 1

Siak
Isolasi Mandiri 1
Isolasi di RS 20
Sembuh 35
Meninggal 1

Meranti
Isolasi Mandiri 1
Isolasi di RS 0
Sembuh 12
Meninggal 0

Pelalawan
Isolasi Mandiri 0
Isolasi di RS 7
Sembuh 12
Meninggal 0

Indragiri Hilir
Isolasi Mandiri 0
Isolasi di RS 3
Sembuh 48
Meninggal 2

Indragiri Hulu
Isolasi Mandiri 0
Isolasi di RS 0
Sembuh 3
Meninggal 1

Kuantan Singingi
Isolasi Mandiri 0
Isolasi di RS 1
Sembuh 11
Meninggal 0

Kampar
Isolasi Mandiri 13
Isolasi di RS 13
Sembuh 19
Meninggal 1

Rokan Hulu
Isolasi Mandiri 0
Isolasi di RS 4
Sembuh 7
Meninggal 0

Rokan Hilir
Isolasi Mandiri 0
Isolasi di RS 6
Sembuh 1
Meninggal 0

Rekapitulasi Kasus COVID-19 di Provinsi Riau Per Tanggal: 2020-08-02
Isolasi / Sedang Dirawat: 116
Sembuh: 328
Meninggal: 12
Total: 456
Kasus COVID-19 di Provinsi Riau Per Tanggal 2020-08-02
Pekanbaru
Isolasi Mandiri 7
Isolasi di RS 34
Sembuh 126
Meninggal 6

Dumai
Isolasi Mandiri 0
Isolasi di RS 0
Sembuh 35
Meninggal 0

Bengkalis
Isolasi Mandiri 1
Isolasi di RS 1
Sembuh 19
Meninggal 1

Siak
Isolasi Mandiri 0
Isolasi di RS 24
Sembuh 35
Meninggal 1

Meranti
Isolasi Mandiri 1
Isolasi di RS 0
Sembuh 12
Meninggal 0

Pelalawan
Isolasi Mandiri 0
Isolasi di RS 7
Sembuh 12
Meninggal 0

Indragiri Hilir
Isolasi Mandiri 1
Isolasi di RS 3
Sembuh 48
Meninggal 2

Indragiri Hulu
Isolasi Mandiri 0
Isolasi di RS 0
Sembuh 3
Meninggal 1

Kuantan Singingi
Isolasi Mandiri 0
Isolasi di RS 1
Sembuh 11
Meninggal 0

Kampar
Isolasi Mandiri 6
Isolasi di RS 20
Sembuh 19
Meninggal 1

Rokan Hulu
Isolasi Mandiri 0
Isolasi di RS 4
Sembuh 7
Meninggal 0

Rokan Hilir
Isolasi Mandiri 0
Isolasi di RS 6
Sembuh 1
Meninggal 0

Rekapitulasi Kasus COVID-19 di Provinsi Riau Per Tanggal: 2020-08-03
Isolasi / Sedang Dirawat: 161
Sembuh: 332
Meninggal: 13
Total: 506
Kasus COVID-19 di Provinsi Riau Per Tanggal 2020-08-03
Pekanbaru
Isolasi Mandiri 6
Isolasi di RS 37
Sembuh 128
Meninggal 6

Dumai
Isolasi Mandiri 0
Isolasi di RS 0
Sembuh 35
Meninggal 0

Bengkalis
Isolasi Mandiri 1
Isolasi di RS 2
Sembuh 19
Meninggal 1

Siak
Isolasi Mandiri 2
Isolasi di RS 32
Sembuh 35
Meninggal 1

Meranti
Isolasi Mandiri 1
Isolasi di RS 0
Sembuh 12
Meninggal 0

Pelalawan
Isolasi Mandiri 9
Isolasi di RS 7
Sembuh 12
Meninggal 0

Indragiri Hilir
Isolasi Mandiri 0
Isolasi di RS 4
Sembuh 48
Meninggal 2

Indragiri Hulu
Isolasi Mandiri 0
Isolasi di RS 0
Sembuh 3
Meninggal 1

Kuantan Singingi
Isolasi Mandiri 0
Isolasi di RS 1
Sembuh 11
Meninggal 1

Kampar
Isolasi Mandiri 10
Isolasi di RS 21
Sembuh 21
Meninggal 1

Rokan Hulu
Isolasi Mandiri 0
Isolasi di RS 4
Sembuh 7
Meninggal 0

Rokan Hilir
Isolasi Mandiri 16
Isolasi di RS 8
Sembuh 1
Meninggal 0

Daerah Lainnya
Isolasi Mandiri 0
Isolasi di RS 0
Sembuh 0
Meninggal 0

Rekapitulasi Kasus COVID-19 di Provinsi Riau Per Tanggal: 2020-08-05
Isolasi / Sedang Dirawat: 220
Sembuh: 344
Meninggal: 13
Total: 577
Kasus COVID-19 di Provinsi Riau Per Tanggal 2020-08-05
Pekanbaru
Isolasi Mandiri 15
Isolasi di RS 36
Sembuh 131
Meninggal 6

Dumai
Isolasi Mandiri 0
Isolasi di RS 0
Sembuh 35
Meninggal 0

Bengkalis
Isolasi Mandiri 1
Isolasi di RS 2
Sembuh 19
Meninggal 1

Siak
Isolasi Mandiri 8
Isolasi di RS 32
Sembuh 42
Meninggal 1

Meranti
Isolasi Mandiri 0
Isolasi di RS 1
Sembuh 12
Meninggal 0

Pelalawan
Isolasi Mandiri 8
Isolasi di RS 8
Sembuh 12
Meninggal 0

Indragiri Hilir
Isolasi Mandiri 0
Isolasi di RS 3
Sembuh 49
Meninggal 2

Indragiri Hulu
Isolasi Mandiri 0
Isolasi di RS 0
Sembuh 3
Meninggal 1

Kuantan Singingi
Isolasi Mandiri 0
Isolasi di RS 1
Sembuh 11
Meninggal 1

Kampar
Isolasi Mandiri 38
Isolasi di RS 25
Sembuh 21
Meninggal 1

Rokan Hulu
Isolasi Mandiri 3
Isolasi di RS 4
Sembuh 7
Meninggal 0

Rokan Hilir
Isolasi Mandiri 21
Isolasi di RS 11
Sembuh 2
Meninggal 0

Daerah Lainnya
Isolasi Mandiri 3
Isolasi di RS 0
Sembuh 0
Meninggal 0

